<?xml version="1.0" encoding="UTF-8"?>
<!-- Generated by org.testng.reporters.JUnitReportReporter -->
<testsuite hostname="DESKTOP-BNPS8DG" failures="0" tests="2" name="tests.HrmTest" time="48.489" errors="0" timestamp="2024-02-14T01:57:14 IST" skipped="0">
  <testcase classname="tests.HrmTest" name="loginLogOutTest" time="23.133"/>
  <testcase classname="tests.HrmTest" name="loginLogOutTest" time="25.356"/>
</testsuite> <!-- tests.HrmTest -->
