<?xml version="1.0" encoding="UTF-8"?>
<!-- Generated by org.testng.reporters.JUnitReportReporter -->
<testsuite hostname="DESKTOP-BNPS8DG" failures="0" tests="1" name="tests.TaskCreate" time="32.888" errors="0" timestamp="2024-03-12T03:10:52 IST" skipped="0">
  <testcase classname="tests.TaskCreate" name="createTask" time="32.888"/>
</testsuite> <!-- tests.TaskCreate -->
