<?xml version="1.0" encoding="UTF-8"?>
<!-- Generated by org.testng.reporters.JUnitReportReporter -->
<testsuite hostname="DESKTOP-BNPS8DG" failures="0" tests="1" name="tests.LoginTest" time="15.173" errors="0" timestamp="2024-03-11T14:34:32 IST" skipped="0">
  <testcase classname="tests.LoginTest" name="loginTest" time="15.173"/>
</testsuite> <!-- tests.LoginTest -->
